16-Jul-2018 11:02:01.577 WARNING [main] org.apache.catalina.core.AprLifecycleListener.init The APR based Apache Tomcat Native library failed to load. The error reported was [E:\GUKSFiles\GovindFiles\dev\aprmarathon\jakarta-tomcat\bin\tcnative-1.dll: Can't load AMD 64-bit .dll on a IA 32-bit platform]
 java.lang.UnsatisfiedLinkError: E:\GUKSFiles\GovindFiles\dev\aprmarathon\jakarta-tomcat\bin\tcnative-1.dll: Can't load AMD 64-bit .dll on a IA 32-bit platform
	at java.lang.ClassLoader$NativeLibrary.load(Native Method)
	at java.lang.ClassLoader.loadLibrary0(ClassLoader.java:1941)
	at java.lang.ClassLoader.loadLibrary(ClassLoader.java:1857)
	at java.lang.Runtime.loadLibrary0(Runtime.java:870)
	at java.lang.System.loadLibrary(System.java:1122)
	at org.apache.tomcat.jni.Library.<init>(Library.java:42)
	at org.apache.tomcat.jni.Library.initialize(Library.java:178)
	at org.apache.catalina.core.AprLifecycleListener.init(AprLifecycleListener.java:198)
	at org.apache.catalina.core.AprLifecycleListener.isAprAvailable(AprLifecycleListener.java:107)
	at org.apache.catalina.connector.Connector.<init>(Connector.java:79)
	at org.apache.catalina.startup.ConnectorCreateRule.begin(ConnectorCreateRule.java:64)
	at org.apache.tomcat.util.digester.Digester.startElement(Digester.java:1170)
	at com.sun.org.apache.xerces.internal.parsers.AbstractSAXParser.startElement(AbstractSAXParser.java:509)
	at com.sun.org.apache.xerces.internal.parsers.AbstractXMLDocumentParser.emptyElement(AbstractXMLDocumentParser.java:182)
	at com.sun.org.apache.xerces.internal.impl.XMLDocumentFragmentScannerImpl.scanStartElement(XMLDocumentFragmentScannerImpl.java:1339)
	at com.sun.org.apache.xerces.internal.impl.XMLDocumentFragmentScannerImpl$FragmentContentDriver.next(XMLDocumentFragmentScannerImpl.java:2784)
	at com.sun.org.apache.xerces.internal.impl.XMLDocumentScannerImpl.next(XMLDocumentScannerImpl.java:602)
	at com.sun.org.apache.xerces.internal.impl.XMLDocumentFragmentScannerImpl.scanDocument(XMLDocumentFragmentScannerImpl.java:505)
	at com.sun.org.apache.xerces.internal.parsers.XML11Configuration.parse(XML11Configuration.java:841)
	at com.sun.org.apache.xerces.internal.parsers.XML11Configuration.parse(XML11Configuration.java:770)
	at com.sun.org.apache.xerces.internal.parsers.XMLParser.parse(XMLParser.java:141)
	at com.sun.org.apache.xerces.internal.parsers.AbstractSAXParser.parse(AbstractSAXParser.java:1213)
	at com.sun.org.apache.xerces.internal.jaxp.SAXParserImpl$JAXPSAXParser.parse(SAXParserImpl.java:643)
	at org.apache.tomcat.util.digester.Digester.parse(Digester.java:1435)
	at org.apache.catalina.startup.Catalina.load(Catalina.java:594)
	at org.apache.catalina.startup.Catalina.load(Catalina.java:645)
	at sun.reflect.NativeMethodAccessorImpl.invoke0(Native Method)
	at sun.reflect.NativeMethodAccessorImpl.invoke(NativeMethodAccessorImpl.java:62)
	at sun.reflect.DelegatingMethodAccessorImpl.invoke(DelegatingMethodAccessorImpl.java:43)
	at java.lang.reflect.Method.invoke(Method.java:498)
	at org.apache.catalina.startup.Bootstrap.load(Bootstrap.java:311)
	at org.apache.catalina.startup.Bootstrap.main(Bootstrap.java:494)

16-Jul-2018 11:02:01.814 WARNING [main] org.apache.tomcat.util.digester.SetPropertiesRule.begin [SetPropertiesRule]{Server/Service/Engine/Host} Setting property 'liveDeploy' to 'false' did not find a matching property.
16-Jul-2018 11:02:01.814 WARNING [main] org.apache.tomcat.util.digester.SetPropertiesRule.begin [SetPropertiesRule]{Server/Service/Engine/Host} Setting property 'xmlValidation' to 'false' did not find a matching property.
16-Jul-2018 11:02:01.815 WARNING [main] org.apache.tomcat.util.digester.SetPropertiesRule.begin [SetPropertiesRule]{Server/Service/Engine/Host} Setting property 'xmlNamespaceAware' to 'false' did not find a matching property.
16-Jul-2018 11:02:01.843 INFO [main] org.apache.catalina.startup.VersionLoggerListener.log Server version:        Apache Tomcat/9.0.1
16-Jul-2018 11:02:01.843 INFO [main] org.apache.catalina.startup.VersionLoggerListener.log Server built:          Sep 27 2017 17:31:52 UTC
16-Jul-2018 11:02:01.843 INFO [main] org.apache.catalina.startup.VersionLoggerListener.log Server number:         9.0.1.0
16-Jul-2018 11:02:01.843 INFO [main] org.apache.catalina.startup.VersionLoggerListener.log OS Name:               Windows 10
16-Jul-2018 11:02:01.843 INFO [main] org.apache.catalina.startup.VersionLoggerListener.log OS Version:            10.0
16-Jul-2018 11:02:01.843 INFO [main] org.apache.catalina.startup.VersionLoggerListener.log Architecture:          x86
16-Jul-2018 11:02:01.843 INFO [main] org.apache.catalina.startup.VersionLoggerListener.log Java Home:             C:\Program Files (x86)\Java\jdk1.8.0_131\jre
16-Jul-2018 11:02:01.843 INFO [main] org.apache.catalina.startup.VersionLoggerListener.log JVM Version:           1.8.0_131-b11
16-Jul-2018 11:02:01.843 INFO [main] org.apache.catalina.startup.VersionLoggerListener.log JVM Vendor:            Oracle Corporation
16-Jul-2018 11:02:01.843 INFO [main] org.apache.catalina.startup.VersionLoggerListener.log CATALINA_BASE:         E:\GUKSFiles\GovindFiles\dev\aprmarathon\jakarta-tomcat
16-Jul-2018 11:02:01.843 INFO [main] org.apache.catalina.startup.VersionLoggerListener.log CATALINA_HOME:         E:\GUKSFiles\GovindFiles\dev\aprmarathon\jakarta-tomcat
16-Jul-2018 11:02:01.847 INFO [main] org.apache.catalina.startup.VersionLoggerListener.log Command line argument: -Djava.util.logging.config.file=E:/GUKSFiles/GovindFiles/dev/aprmarathon/jakarta-tomcat/conf/logging.properties
16-Jul-2018 11:02:01.847 INFO [main] org.apache.catalina.startup.VersionLoggerListener.log Command line argument: -Djava.util.logging.manager=org.apache.juli.ClassLoaderLogManager
16-Jul-2018 11:02:01.847 INFO [main] org.apache.catalina.startup.VersionLoggerListener.log Command line argument: -Djdk.tls.ephemeralDHKeySize=2048
16-Jul-2018 11:02:01.847 INFO [main] org.apache.catalina.startup.VersionLoggerListener.log Command line argument: -Djava.protocol.handler.pkgs=org.apache.catalina.webresources
16-Jul-2018 11:02:01.847 INFO [main] org.apache.catalina.startup.VersionLoggerListener.log Command line argument: -Djava.awt.headless=true
16-Jul-2018 11:02:01.847 INFO [main] org.apache.catalina.startup.VersionLoggerListener.log Command line argument: -Dfile.encoding=UTF-8
16-Jul-2018 11:02:01.847 INFO [main] org.apache.catalina.startup.VersionLoggerListener.log Command line argument: -XX:NewSize=256m
16-Jul-2018 11:02:01.847 INFO [main] org.apache.catalina.startup.VersionLoggerListener.log Command line argument: -XX:MaxNewSize=256m
16-Jul-2018 11:02:01.847 INFO [main] org.apache.catalina.startup.VersionLoggerListener.log Command line argument: -XX:+DisableExplicitGC
16-Jul-2018 11:02:01.847 INFO [main] org.apache.catalina.startup.VersionLoggerListener.log Command line argument: -Dcatalina.base=E:/GUKSFiles/GovindFiles/dev/aprmarathon/jakarta-tomcat
16-Jul-2018 11:02:01.847 INFO [main] org.apache.catalina.startup.VersionLoggerListener.log Command line argument: -Dcatalina.home=E:/GUKSFiles/GovindFiles/dev/aprmarathon/jakarta-tomcat
16-Jul-2018 11:02:01.847 INFO [main] org.apache.catalina.startup.VersionLoggerListener.log Command line argument: -Djava.io.tmpdir=E:/GUKSFiles/GovindFiles/dev/aprmarathon/jakarta-tomcat/temp
16-Jul-2018 11:02:02.716 INFO [main] org.apache.coyote.AbstractProtocol.init Initializing ProtocolHandler ["http-nio-9002"]
16-Jul-2018 11:02:03.333 INFO [main] org.apache.tomcat.util.net.NioSelectorPool.getSharedSelector Using a shared selector for servlet write/read
16-Jul-2018 11:02:03.433 INFO [main] org.apache.coyote.AbstractProtocol.init Initializing ProtocolHandler ["ajp-nio-9009"]
16-Jul-2018 11:02:03.433 INFO [main] org.apache.tomcat.util.net.NioSelectorPool.getSharedSelector Using a shared selector for servlet write/read
16-Jul-2018 11:02:03.433 INFO [main] org.apache.catalina.startup.Catalina.load Initialization processed in 3027 ms
16-Jul-2018 11:02:03.549 INFO [main] org.apache.catalina.core.StandardService.startInternal Starting service [Catalina]
16-Jul-2018 11:02:03.549 INFO [main] org.apache.catalina.core.StandardEngine.startInternal Starting Servlet Engine: Apache Tomcat/9.0.1
16-Jul-2018 11:02:03.580 INFO [main] org.apache.catalina.startup.HostConfig.deployDirectory Deploying web application directory [E:\GUKSFiles\GovindFiles\dev\aprmarathon\jakarta-tomcat\webapps\aprmarathon]
16-Jul-2018 11:02:19.164 INFO [main] org.apache.catalina.startup.HostConfig.deployDirectory Deployment of web application directory [E:\GUKSFiles\GovindFiles\dev\aprmarathon\jakarta-tomcat\webapps\aprmarathon] has finished in [15,567] ms
16-Jul-2018 11:02:19.199 INFO [main] org.apache.catalina.startup.HostConfig.deployDirectory Deploying web application directory [E:\GUKSFiles\GovindFiles\dev\aprmarathon\jakarta-tomcat\webapps\docs]
16-Jul-2018 11:02:25.768 INFO [main] org.apache.catalina.startup.HostConfig.deployDirectory Deployment of web application directory [E:\GUKSFiles\GovindFiles\dev\aprmarathon\jakarta-tomcat\webapps\docs] has finished in [6,569] ms
16-Jul-2018 11:02:25.769 INFO [main] org.apache.catalina.startup.HostConfig.deployDirectory Deploying web application directory [E:\GUKSFiles\GovindFiles\dev\aprmarathon\jakarta-tomcat\webapps\examples]
16-Jul-2018 11:02:33.018 INFO [main] org.apache.catalina.startup.HostConfig.deployDirectory Deployment of web application directory [E:\GUKSFiles\GovindFiles\dev\aprmarathon\jakarta-tomcat\webapps\examples] has finished in [7,250] ms
16-Jul-2018 11:02:33.018 INFO [main] org.apache.catalina.startup.HostConfig.deployDirectory Deploying web application directory [E:\GUKSFiles\GovindFiles\dev\aprmarathon\jakarta-tomcat\webapps\host-manager]
16-Jul-2018 11:02:38.224 INFO [main] org.apache.catalina.startup.HostConfig.deployDirectory Deployment of web application directory [E:\GUKSFiles\GovindFiles\dev\aprmarathon\jakarta-tomcat\webapps\host-manager] has finished in [5,206] ms
16-Jul-2018 11:02:38.224 INFO [main] org.apache.catalina.startup.HostConfig.deployDirectory Deploying web application directory [E:\GUKSFiles\GovindFiles\dev\aprmarathon\jakarta-tomcat\webapps\manager]
16-Jul-2018 11:02:43.415 INFO [main] org.apache.catalina.startup.HostConfig.deployDirectory Deployment of web application directory [E:\GUKSFiles\GovindFiles\dev\aprmarathon\jakarta-tomcat\webapps\manager] has finished in [5,191] ms
16-Jul-2018 11:02:43.417 INFO [main] org.apache.catalina.startup.HostConfig.deployDirectory Deploying web application directory [E:\GUKSFiles\GovindFiles\dev\aprmarathon\jakarta-tomcat\webapps\ROOT]
16-Jul-2018 11:02:48.849 INFO [main] org.apache.catalina.startup.HostConfig.deployDirectory Deployment of web application directory [E:\GUKSFiles\GovindFiles\dev\aprmarathon\jakarta-tomcat\webapps\ROOT] has finished in [5,432] ms
16-Jul-2018 11:02:48.852 INFO [main] org.apache.coyote.AbstractProtocol.start Starting ProtocolHandler ["http-nio-9002"]
16-Jul-2018 11:02:48.867 INFO [main] org.apache.coyote.AbstractProtocol.start Starting ProtocolHandler ["ajp-nio-9009"]
16-Jul-2018 11:02:48.871 INFO [main] org.apache.catalina.startup.Catalina.start Server startup in 45432 ms
16-Jul-2018 11:20:56.190 INFO [main] org.apache.catalina.core.StandardServer.await A valid shutdown command was received via the shutdown port. Stopping the Server instance.
16-Jul-2018 11:20:56.190 INFO [main] org.apache.coyote.AbstractProtocol.pause Pausing ProtocolHandler ["http-nio-9002"]
16-Jul-2018 11:20:56.428 INFO [main] org.apache.coyote.AbstractProtocol.pause Pausing ProtocolHandler ["ajp-nio-9009"]
16-Jul-2018 11:20:56.575 INFO [main] org.apache.catalina.core.StandardService.stopInternal Stopping service [Catalina]
16-Jul-2018 11:20:56.659 INFO [main] org.apache.coyote.AbstractProtocol.stop Stopping ProtocolHandler ["http-nio-9002"]
16-Jul-2018 11:20:56.675 INFO [main] org.apache.coyote.AbstractProtocol.stop Stopping ProtocolHandler ["ajp-nio-9009"]
16-Jul-2018 11:20:56.675 INFO [main] org.apache.coyote.AbstractProtocol.destroy Destroying ProtocolHandler ["http-nio-9002"]
16-Jul-2018 11:20:56.691 INFO [main] org.apache.coyote.AbstractProtocol.destroy Destroying ProtocolHandler ["ajp-nio-9009"]
